#
# There is insufficient memory for the Java Runtime Environment to continue.
# Native memory allocation (malloc) failed to allocate 1051136 bytes for Chunk::new
# Possible reasons:
#   The system is out of physical RAM or swap space
#   The process is running with CompressedOops enabled, and the Java Heap may be blocking the growth of the native heap
# Possible solutions:
#   Reduce memory load on the system
#   Increase physical memory or swap space
#   Check if swap backing store is full
#   Decrease Java heap size (-Xmx/-Xms)
#   Decrease number of Java threads
#   Decrease Java thread stack sizes (-Xss)
#   Set larger code cache with -XX:ReservedCodeCacheSize=
#   JVM is running with Unscaled Compressed Oops mode in which the Java heap is
#     placed in the first 4GB address space. The Java Heap base address is the
#     maximum limit for the native heap growth. Please use -XX:HeapBaseMinAddress
#     to set the Java Heap base and to place the Java Heap above 4GB virtual address.
# This output file may be truncated or incomplete.
#
#  Out of Memory Error (allocation.cpp:389), pid=11116, tid=0x0000000000003b78
#
# JRE version: OpenJDK Runtime Environment (8.0_242-b01) (build 1.8.0_242-release-1644-b01)
# Java VM: OpenJDK 64-Bit Server VM (25.242-b01 mixed mode windows-amd64 compressed oops)
# Failed to write core dump. Minidumps are not enabled by default on client versions of Windows
#

---------------  T H R E A D  ---------------

Current thread (0x0000000019cf7000):  JavaThread "C2 CompilerThread2" daemon [_thread_in_native, id=15224, stack(0x000000001a7c0000,0x000000001a8c0000)]

Stack: [0x000000001a7c0000,0x000000001a8c0000]
[error occurred during error reporting (printing stack bounds), id 0xc0000005]

Native frames: (J=compiled Java code, j=interpreted, Vv=VM code, C=native code)


Current CompileTask:
C2:5955803 25176 %     4       com.android.tools.r8.ir.conversion.N::a @ 1986 (3065 bytes)


---------------  P R O C E S S  ---------------

Java Threads: ( => current thread )
  0x0000000026d57000 JavaThread "WorkerExecutor Queue Thread 9" [_thread_blocked, id=4764, stack(0x0000000031110000,0x0000000031210000)]
  0x0000000028be6000 JavaThread "stdout" [_thread_in_native, id=10368, stack(0x0000000032010000,0x0000000032110000)]
  0x0000000028be5800 JavaThread "stderr" [_thread_in_native, id=3752, stack(0x0000000031f10000,0x0000000032010000)]
  0x0000000028be4000 JavaThread "stdout" [_thread_in_native, id=16984, stack(0x0000000031e10000,0x0000000031f10000)]
  0x0000000028be3000 JavaThread "stderr" [_thread_in_native, id=2684, stack(0x0000000031d10000,0x0000000031e10000)]
  0x0000000028be2800 JavaThread "stdout" [_thread_in_native, id=10724, stack(0x0000000031c10000,0x0000000031d10000)]
  0x0000000028be0000 JavaThread "stderr" [_thread_in_native, id=728, stack(0x0000000031b10000,0x0000000031c10000)]
  0x0000000028be1800 JavaThread "stdout" [_thread_in_native, id=3144, stack(0x0000000031a10000,0x0000000031b10000)]
  0x0000000028be4800 JavaThread "stderr" [_thread_in_native, id=14308, stack(0x0000000031910000,0x0000000031a10000)]
  0x0000000028bdf800 JavaThread "stdout" [_thread_in_native, id=7448, stack(0x0000000031810000,0x0000000031910000)]
  0x0000000028be1000 JavaThread "stderr" [_thread_in_native, id=1976, stack(0x0000000031710000,0x0000000031810000)]
  0x0000000026d56800 JavaThread "stdout" [_thread_in_native, id=11756, stack(0x0000000031610000,0x0000000031710000)]
  0x0000000026d5c800 JavaThread "stderr" [_thread_in_native, id=3940, stack(0x0000000031510000,0x0000000031610000)]
  0x0000000026d5a000 JavaThread "stdout" [_thread_in_native, id=12900, stack(0x0000000031410000,0x0000000031510000)]
  0x0000000026d55800 JavaThread "stderr" [_thread_in_native, id=10140, stack(0x0000000031310000,0x0000000031410000)]
  0x0000000026d58000 JavaThread "pool-12-thread-1" [_thread_blocked, id=17436, stack(0x0000000031210000,0x0000000031310000)]
  0x0000000026d58800 JavaThread "WorkerExecutor Queue Thread 7" [_thread_blocked, id=3912, stack(0x0000000031010000,0x0000000031110000)]
  0x0000000026d59800 JavaThread "WorkerExecutor Queue Thread 6" [_thread_blocked, id=4216, stack(0x0000000030f10000,0x0000000031010000)]
  0x0000000026d5b800 JavaThread "WorkerExecutor Queue Thread 5" [_thread_blocked, id=11384, stack(0x0000000030e10000,0x0000000030f10000)]
  0x000000001c599000 JavaThread "WorkerExecutor Queue Thread 4" [_thread_blocked, id=15492, stack(0x0000000030d10000,0x0000000030e10000)]
  0x000000001c59c000 JavaThread "WorkerExecutor Queue Thread 3" [_thread_blocked, id=8208, stack(0x0000000030c10000,0x0000000030d10000)]
  0x000000001c598800 JavaThread "WorkerExecutor Queue Thread 2" [_thread_blocked, id=11420, stack(0x0000000030b10000,0x0000000030c10000)]
  0x000000001c595800 JavaThread "WorkerExecutor Queue" [_thread_blocked, id=16144, stack(0x0000000030910000,0x0000000030a10000)]
  0x000000001b76b000 JavaThread "Cache worker for execution history cache (D:\Kuliah\S5\PRAKTIKUM PROGMOB 2020\PraktikumKelompok6\.gradle\6.5\executionHistory)" [_thread_blocked, id=3000, stack(0x0000000030610000,0x0000000030710000)]
  0x000000001b76a000 JavaThread "Execution worker for ':' Thread 7" [_thread_blocked, id=9648, stack(0x0000000030510000,0x0000000030610000)]
  0x000000001b761000 JavaThread "Execution worker for ':' Thread 6" [_thread_blocked, id=18176, stack(0x0000000030410000,0x0000000030510000)]
  0x000000001b767000 JavaThread "Execution worker for ':' Thread 5" [_thread_blocked, id=16484, stack(0x0000000030310000,0x0000000030410000)]
  0x000000001b75e800 JavaThread "Execution worker for ':' Thread 4" [_thread_blocked, id=248, stack(0x0000000030210000,0x0000000030310000)]
  0x000000001b75e000 JavaThread "Execution worker for ':' Thread 3" [_thread_blocked, id=17448, stack(0x0000000030110000,0x0000000030210000)]
  0x000000001b763800 JavaThread "Execution worker for ':' Thread 2" [_thread_blocked, id=460, stack(0x0000000030010000,0x0000000030110000)]
  0x000000001b760000 JavaThread "Execution worker for ':'" [_thread_blocked, id=11024, stack(0x000000002ff10000,0x0000000030010000)]
  0x000000001b765000 JavaThread "Cache worker for file content cache (D:\Kuliah\S5\PRAKTIKUM PROGMOB 2020\PraktikumKelompok6\.gradle\6.5\fileContent)" [_thread_blocked, id=2424, stack(0x000000002fe10000,0x000000002ff10000)]
  0x000000001b764000 JavaThread "pool-11-thread-1" [_thread_blocked, id=1952, stack(0x000000002fb10000,0x000000002fc10000)]
  0x000000001b75d000 JavaThread "Cache worker for Build Output Cleanup Cache (D:\Kuliah\S5\PRAKTIKUM PROGMOB 2020\PraktikumKelompok6\.gradle\buildOutputCleanup)" [_thread_blocked, id=17784, stack(0x000000002fa10000,0x000000002fb10000)]
  0x000000001b75f800 JavaThread "jar transforms Thread 577" [_thread_blocked, id=15848, stack(0x000000002f910000,0x000000002fa10000)]
  0x000000001beeb800 JavaThread "jar transforms Thread 576" [_thread_blocked, id=3092, stack(0x000000002f810000,0x000000002f910000)]
  0x000000001beeb000 JavaThread "jar transforms Thread 575" [_thread_blocked, id=18380, stack(0x000000002f710000,0x000000002f810000)]
  0x000000001beea000 JavaThread "jar transforms Thread 574" [_thread_blocked, id=4612, stack(0x000000002f610000,0x000000002f710000)]
  0x000000001bee9800 JavaThread "jar transforms Thread 573" [_thread_blocked, id=17724, stack(0x000000002f510000,0x000000002f610000)]
  0x000000001beec800 JavaThread "jar transforms Thread 572" [_thread_blocked, id=15992, stack(0x000000002f410000,0x000000002f510000)]
  0x000000001bee8800 JavaThread "jar transforms Thread 571" [_thread_blocked, id=8808, stack(0x000000002f310000,0x000000002f410000)]
  0x000000001bee1000 JavaThread "jar transforms Thread 570" [_thread_blocked, id=16996, stack(0x000000002f210000,0x000000002f310000)]
  0x000000001bee8000 JavaThread "jar transforms Thread 569" [_thread_blocked, id=7604, stack(0x000000002f110000,0x000000002f210000)]
  0x000000001bee7000 JavaThread "jar transforms Thread 568" [_thread_blocked, id=15552, stack(0x000000002f010000,0x000000002f110000)]
  0x000000001bee6800 JavaThread "jar transforms Thread 567" [_thread_blocked, id=4944, stack(0x000000002ef10000,0x000000002f010000)]
  0x000000001bee2000 JavaThread "jar transforms Thread 566" [_thread_blocked, id=8120, stack(0x000000002ee10000,0x000000002ef10000)]
  0x000000001bedf000 JavaThread "jar transforms Thread 565" [_thread_blocked, id=4308, stack(0x000000002ed10000,0x000000002ee10000)]
  0x000000001bee0800 JavaThread "jar transforms Thread 564" [_thread_blocked, id=1932, stack(0x000000002ec10000,0x000000002ed10000)]
  0x000000001bee5800 JavaThread "jar transforms Thread 563" [_thread_blocked, id=6364, stack(0x000000002eb10000,0x000000002ec10000)]
  0x000000001bede000 JavaThread "jar transforms Thread 562" [_thread_blocked, id=7896, stack(0x000000002ea10000,0x000000002eb10000)]
  0x000000001bee3800 JavaThread "jar transforms Thread 561" [_thread_blocked, id=15376, stack(0x000000002e910000,0x000000002ea10000)]
  0x000000001bedf800 JavaThread "jar transforms Thread 560" [_thread_blocked, id=16156, stack(0x000000002e810000,0x000000002e910000)]
  0x000000001bee5000 JavaThread "jar transforms Thread 559" [_thread_blocked, id=6544, stack(0x000000002e710000,0x000000002e810000)]
  0x000000001b2ca800 JavaThread "jar transforms Thread 558" [_thread_blocked, id=15704, stack(0x000000002e610000,0x000000002e710000)]
  0x000000001b2ca000 JavaThread "jar transforms Thread 557" [_thread_blocked, id=14668, stack(0x000000002e510000,0x000000002e610000)]
  0x000000001b2cf000 JavaThread "jar transforms Thread 556" [_thread_blocked, id=12196, stack(0x000000002e410000,0x000000002e510000)]
  0x000000001b2ce800 JavaThread "jar transforms Thread 555" [_thread_blocked, id=14444, stack(0x000000002e310000,0x000000002e410000)]
  0x000000001b2cd800 JavaThread "jar transforms Thread 554" [_thread_blocked, id=11388, stack(0x000000002e210000,0x000000002e310000)]
  0x000000001b2c7800 JavaThread "jar transforms Thread 553" [_thread_blocked, id=12892, stack(0x000000002e110000,0x000000002e210000)]
  0x000000001b2cc000 JavaThread "jar transforms Thread 552" [_thread_blocked, id=17476, stack(0x000000002e010000,0x000000002e110000)]
  0x000000001b2cd000 JavaThread "jar transforms Thread 551" [_thread_blocked, id=15620, stack(0x000000002dd10000,0x000000002de10000)]
  0x000000001b2c2000 JavaThread "jar transforms Thread 550" [_thread_blocked, id=15164, stack(0x000000002dc10000,0x000000002dd10000)]
  0x000000001b2c9000 JavaThread "jar transforms Thread 549" [_thread_blocked, id=8876, stack(0x000000002db10000,0x000000002dc10000)]
  0x000000001b2c0000 JavaThread "jar transforms Thread 548" [_thread_blocked, id=13096, stack(0x000000002da10000,0x000000002db10000)]
  0x000000001b2c1800 JavaThread "jar transforms Thread 547" [_thread_blocked, id=6272, stack(0x000000002d910000,0x000000002da10000)]
  0x000000001b2c6000 JavaThread "jar transforms Thread 546" [_thread_blocked, id=9528, stack(0x000000002d810000,0x000000002d910000)]
  0x000000001b2c3000 JavaThread "jar transforms Thread 545" [_thread_blocked, id=14472, stack(0x000000002d710000,0x000000002d810000)]
  0x000000001b2c4800 JavaThread "jar transforms Thread 544" [_thread_blocked, id=10640, stack(0x000000002d610000,0x000000002d710000)]
  0x000000001b2c6800 JavaThread "jar transforms Thread 543" [_thread_blocked, id=15936, stack(0x000000002c910000,0x000000002ca10000)]
  0x000000001b2c0800 JavaThread "jar transforms Thread 542" [_thread_blocked, id=3464, stack(0x000000002c610000,0x000000002c710000)]
  0x000000001b2c3800 JavaThread "jar transforms Thread 541" [_thread_blocked, id=17216, stack(0x000000002c510000,0x000000002c610000)]
  0x000000001b2c5000 JavaThread "jar transforms Thread 540" [_thread_blocked, id=3416, stack(0x000000002c410000,0x000000002c510000)]
  0x000000001ee53000 JavaThread "jar transforms Thread 539" [_thread_blocked, id=13712, stack(0x000000002c310000,0x000000002c410000)]
  0x000000001ee4b000 JavaThread "jar transforms Thread 538" [_thread_blocked, id=16232, stack(0x000000002c210000,0x000000002c310000)]
  0x000000001ee52000 JavaThread "jar transforms Thread 537" [_thread_blocked, id=9300, stack(0x000000002c110000,0x000000002c210000)]
  0x000000001ee51000 JavaThread "jar transforms Thread 536" [_thread_blocked, id=452, stack(0x000000002c010000,0x000000002c110000)]
  0x000000001ee50800 JavaThread "jar transforms Thread 535" [_thread_blocked, id=916, stack(0x000000002bf10000,0x000000002c010000)]
  0x000000001ee4f800 JavaThread "jar transforms Thread 534" [_thread_blocked, id=11892, stack(0x000000002be10000,0x000000002bf10000)]
  0x000000001ee4f000 JavaThread "jar transforms Thread 533" [_thread_blocked, id=8296, stack(0x000000002bd10000,0x000000002be10000)]
  0x000000001ee4e000 JavaThread "jar transforms Thread 532" [_thread_blocked, id=15016, stack(0x000000002bc10000,0x000000002bd10000)]
  0x000000001ee4d800 JavaThread "jar transforms Thread 531" [_thread_blocked, id=11908, stack(0x000000002bb10000,0x000000002bc10000)]
  0x000000001ee4c000 JavaThread "jar transforms Thread 530" [_thread_blocked, id=11044, stack(0x000000002ba10000,0x000000002bb10000)]
  0x000000001ee4c800 JavaThread "jar transforms Thread 529" [_thread_blocked, id=9732, stack(0x000000002b910000,0x000000002ba10000)]
  0x000000001ee43800 JavaThread "jar transforms Thread 528" [_thread_blocked, id=18104, stack(0x000000002b810000,0x000000002b910000)]
  0x000000001ee49800 JavaThread "jar transforms Thread 527" [_thread_blocked, id=5416, stack(0x000000002b710000,0x000000002b810000)]
  0x000000001ee49000 JavaThread "jar transforms Thread 526" [_thread_blocked, id=6352, stack(0x000000002b610000,0x000000002b710000)]
  0x000000001ee48000 JavaThread "jar transforms Thread 525" [_thread_blocked, id=14024, stack(0x000000002b510000,0x000000002b610000)]
  0x000000001ee45000 JavaThread "jar transforms Thread 524" [_thread_blocked, id=1408, stack(0x000000002b410000,0x000000002b510000)]
  0x000000001ee4a800 JavaThread "jar transforms Thread 523" [_thread_blocked, id=2988, stack(0x000000002b310000,0x000000002b410000)]
  0x000000001ee46800 JavaThread "jar transforms Thread 522" [_thread_blocked, id=17104, stack(0x000000002b210000,0x000000002b310000)]
  0x000000001ee47800 JavaThread "jar transforms Thread 521" [_thread_blocked, id=7336, stack(0x000000002b110000,0x000000002b210000)]
  0x0000000026cad000 JavaThread "jar transforms Thread 520" [_thread_blocked, id=2664, stack(0x000000002b010000,0x000000002b110000)]
  0x0000000026cab800 JavaThread "jar transforms Thread 519" [_thread_blocked, id=11396, stack(0x000000002af10000,0x000000002b010000)]
  0x0000000026caa800 JavaThread "jar transforms Thread 518" [_thread_blocked, id=13608, stack(0x000000002ae10000,0x000000002af10000)]
  0x0000000026ca8800 JavaThread "jar transforms Thread 517" [_thread_blocked, id=15496, stack(0x000000002ad10000,0x000000002ae10000)]
  0x0000000026caa000 JavaThread "jar transforms Thread 516" [_thread_blocked, id=15752, stack(0x000000002ac10000,0x000000002ad10000)]
  0x0000000026ca9000 JavaThread "jar transforms Thread 515" [_thread_blocked, id=6980, stack(0x000000002ab10000,0x000000002ac10000)]
  0x0000000026cac000 JavaThread "jar transforms Thread 514" [_thread_blocked, id=13216, stack(0x000000002aa10000,0x000000002ab10000)]
  0x0000000026ca7800 JavaThread "jar transforms Thread 513" [_thread_blocked, id=18260, stack(0x000000002a910000,0x000000002aa10000)]
  0x0000000026ca0000 JavaThread "jar transforms Thread 512" [_thread_blocked, id=8072, stack(0x000000002a810000,0x000000002a910000)]
  0x0000000026ca7000 JavaThread "jar transforms Thread 511" [_thread_blocked, id=4660, stack(0x000000002a710000,0x000000002a810000)]
  0x0000000026ca6000 JavaThread "jar transforms Thread 510" [_thread_blocked, id=10276, stack(0x000000002a610000,0x000000002a710000)]
  0x0000000026c9e800 JavaThread "jar transforms Thread 509" [_thread_blocked, id=13280, stack(0x000000002a3e0000,0x000000002a4e0000)]
  0x0000000026ca5800 JavaThread "jar transforms Thread 508" [_thread_blocked, id=772, stack(0x000000002a2e0000,0x000000002a3e0000)]
  0x0000000026ca3000 JavaThread "jar transforms Thread 507" [_thread_blocked, id=1432, stack(0x000000002a1e0000,0x000000002a2e0000)]
  0x0000000026ca2800 JavaThread "jar transforms Thread 506" [_thread_blocked, id=10144, stack(0x000000002a0e0000,0x000000002a1e0000)]
  0x0000000026c9f800 JavaThread "jar transforms Thread 505" [_thread_blocked, id=16332, stack(0x0000000029fe0000,0x000000002a0e0000)]
  0x0000000026c9e000 JavaThread "jar transforms Thread 504" [_thread_blocked, id=1272, stack(0x0000000029ee0000,0x0000000029fe0000)]
  0x0000000026ca4800 JavaThread "jar transforms Thread 503" [_thread_blocked, id=16148, stack(0x0000000029de0000,0x0000000029ee0000)]
  0x0000000026ca4000 JavaThread "jar transforms Thread 502" [_thread_blocked, id=7224, stack(0x0000000029ce0000,0x0000000029de0000)]
  0x000000001c86d000 JavaThread "jar transforms Thread 501" [_thread_blocked, id=2744, stack(0x0000000029be0000,0x0000000029ce0000)]
  0x000000001c86c800 JavaThread "jar transforms Thread 500" [_thread_blocked, id=7836, stack(0x0000000029ae0000,0x0000000029be0000)]
  0x000000001c86b800 JavaThread "jar transforms Thread 499" [_thread_blocked, id=7384, stack(0x00000000299e0000,0x0000000029ae0000)]
  0x000000001c86b000 JavaThread "jar transforms Thread 498" [_thread_blocked, id=6856, stack(0x00000000298e0000,0x00000000299e0000)]
  0x000000001c869000 JavaThread "jar transforms Thread 497" [_thread_blocked, id=7936, stack(0x00000000297e0000,0x00000000298e0000)]
  0x000000001c86a000 JavaThread "jar transforms Thread 496" [_thread_blocked, id=12292, stack(0x00000000296e0000,0x00000000297e0000)]
  0x000000001c861800 JavaThread "jar transforms Thread 495" [_thread_blocked, id=7744, stack(0x00000000295e0000,0x00000000296e0000)]
  0x000000001c868800 JavaThread "jar transforms Thread 494" [_thread_blocked, id=8724, stack(0x00000000294e0000,0x00000000295e0000)]
  0x000000001c866000 JavaThread "jar transforms Thread 493" [_thread_blocked, id=18032, stack(0x00000000293e0000,0x00000000294e0000)]
  0x000000001c867800 JavaThread "jar transforms Thread 492" [_thread_blocked, id=7252, stack(0x00000000292e0000,0x00000000293e0000)]
  0x000000001c867000 JavaThread "jar transforms Thread 491" [_thread_blocked, id=9700, stack(0x0000000028010000,0x0000000028110000)]
  0x000000001c85f800 JavaThread "jar transforms Thread 490" [_thread_blocked, id=4788, stack(0x0000000026f30000,0x0000000027030000)]
  0x000000001c85e800 JavaThread "jar transforms Thread 489" [_thread_blocked, id=18288, stack(0x0000000026e30000,0x0000000026f30000)]
  0x000000001c864000 JavaThread "jar transforms Thread 488" [_thread_blocked, id=17824, stack(0x0000000025d40000,0x0000000025e40000)]
  0x000000001c861000 JavaThread "jar transforms Thread 487" [_thread_blocked, id=4376, stack(0x0000000025c40000,0x0000000025d40000)]
  0x000000001c860000 JavaThread "jar transforms Thread 486" [_thread_blocked, id=1012, stack(0x0000000025b40000,0x0000000025c40000)]
  0x000000001c863000 JavaThread "Build operations Thread 8" [_thread_blocked, id=3488, stack(0x0000000025840000,0x0000000025940000)]
  0x000000001c862800 JavaThread "Build operations Thread 7" [_thread_blocked, id=7188, stack(0x0000000025340000,0x0000000025440000)]
  0x000000001c85e000 JavaThread "Build operations Thread 6" [_thread_blocked, id=10480, stack(0x0000000021fb0000,0x00000000220b0000)]
  0x000000001ca6f000 JavaThread "Build operations Thread 5" [_thread_blocked, id=11696, stack(0x0000000021eb0000,0x0000000021fb0000)]
  0x000000001ca6e800 JavaThread "Build operations Thread 4" [_thread_blocked, id=12188, stack(0x0000000021db0000,0x0000000021eb0000)]
  0x000000001ca6c000 JavaThread "Build operations Thread 3" [_thread_blocked, id=4868, stack(0x0000000021cb0000,0x0000000021db0000)]
  0x000000001ca6a800 JavaThread "Build operations Thread 2" [_thread_blocked, id=11808, stack(0x0000000021bb0000,0x0000000021cb0000)]
  0x000000001ca6d000 JavaThread "Build operations" [_thread_blocked, id=876, stack(0x00000000217d0000,0x00000000218d0000)]
  0x000000001ca6b800 JavaThread "Cache worker for cache directory md-rule (C:\Users\asus\.gradle\caches\6.5\md-rule)" [_thread_blocked, id=7624, stack(0x00000000204b0000,0x00000000205b0000)]
  0x000000001ca6d800 JavaThread "Cache worker for cache directory md-supplier (C:\Users\asus\.gradle\caches\6.5\md-supplier)" [_thread_blocked, id=11128, stack(0x00000000201b0000,0x00000000202b0000)]
  0x000000001ca63000 JavaThread "Cache worker for checksums cache (D:\Kuliah\S5\PRAKTIKUM PROGMOB 2020\PraktikumKelompok6\.gradle\checksums)" [_thread_blocked, id=11604, stack(0x000000001e7e0000,0x000000001e8e0000)]
  0x000000001ca69000 JavaThread "Cache worker for file hash cache (D:\Kuliah\S5\PRAKTIKUM PROGMOB 2020\PraktikumKelompok6\.gradle\6.5\fileHashes)" [_thread_blocked, id=5592, stack(0x000000001e4e0000,0x000000001e5e0000)]
  0x000000001ca68000 JavaThread "Thread-635" [_thread_blocked, id=4072, stack(0x000000001e2e0000,0x000000001e3e0000)]
  0x000000001ca6a000 JavaThread "Stdin handler" [_thread_blocked, id=1880, stack(0x000000001dfe0000,0x000000001e0e0000)]
  0x000000001ca60800 JavaThread "Asynchronous log dispatcher for DefaultDaemonConnection: socket connection from /127.0.0.1:6086 to /127.0.0.1:7799" [_thread_blocked, id=8056, stack(0x000000001dee0000,0x000000001dfe0000)]
  0x000000001ca66800 JavaThread "Daemon worker Thread 6" [_thread_blocked, id=13000, stack(0x000000001daa0000,0x000000001dba0000)]
  0x000000001ca67800 JavaThread "Cancel handler" [_thread_blocked, id=9080, stack(0x000000001d9a0000,0x000000001daa0000)]
  0x000000001ca66000 JavaThread "Handler for socket connection from /127.0.0.1:6086 to /127.0.0.1:7799" [_thread_in_native, id=11912, stack(0x0000000001220000,0x0000000001320000)]
  0x000000001ca62000 JavaThread "Daemon Thread 6" [_thread_blocked, id=2260, stack(0x0000000001020000,0x0000000001120000)]
  0x000000001ca63800 JavaThread "Memory manager" [_thread_blocked, id=12460, stack(0x0000000001120000,0x0000000001220000)]
  0x000000001b768000 JavaThread "Cache worker for file content cache (C:\Users\asus\.gradle\caches\6.5\fileContent)" [_thread_blocked, id=4920, stack(0x0000000024c40000,0x0000000024d40000)]
  0x000000001b762000 JavaThread "Cache worker for execution history cache (C:\Users\asus\.gradle\caches\6.5\executionHistory)" [_thread_blocked, id=1096, stack(0x00000000223a0000,0x00000000224a0000)]
  0x000000001bedd800 JavaThread "Cache worker for file hash cache (C:\Users\asus\.gradle\caches\6.5\fileHashes)" [_thread_blocked, id=14048, stack(0x000000001fcb0000,0x000000001fdb0000)]
  0x000000001bee2800 JavaThread "File lock request listener" [_thread_in_native, id=18000, stack(0x000000001ebe0000,0x000000001ece0000)]
  0x000000001bee4000 JavaThread "Cache worker for journal cache (C:\Users\asus\.gradle\caches\journal-1)" [_thread_blocked, id=15144, stack(0x000000001eae0000,0x000000001ebe0000)]
  0x000000001c59a800 JavaThread "Daemon periodic checks" [_thread_blocked, id=12660, stack(0x000000001dde0000,0x000000001dee0000)]
  0x000000001c596000 JavaThread "Incoming local TCP Connector on port 6086" [_thread_in_native, id=1892, stack(0x000000001dba0000,0x000000001dca0000)]
  0x000000001c59a000 JavaThread "Daemon health stats" [_thread_blocked, id=11300, stack(0x000000001d560000,0x000000001d660000)]
  0x0000000019d51800 JavaThread "Service Thread" daemon [_thread_blocked, id=15176, stack(0x000000001a9c0000,0x000000001aac0000)]
  0x0000000019cfd000 JavaThread "C1 CompilerThread3" daemon [_thread_in_vm, id=17608, stack(0x000000001a8c0000,0x000000001a9c0000)]
=>0x0000000019cf7000 JavaThread "C2 CompilerThread2" daemon [_thread_in_native, id=15224, stack(0x000000001a7c0000,0x000000001a8c0000)]
  0x0000000019cf5800 JavaThread "C2 CompilerThread1" daemon [_thread_in_native, id=8416, stack(0x000000001a6c0000,0x000000001a7c0000)]
  0x0000000019cf1800 JavaThread "C2 CompilerThread0" daemon [_thread_in_native, id=14328, stack(0x000000001a5c0000,0x000000001a6c0000)]
  0x0000000019cf0000 JavaThread "Attach Listener" daemon [_thread_blocked, id=15208, stack(0x000000001a4c0000,0x000000001a5c0000)]
  0x0000000019cef000 JavaThread "Signal Dispatcher" daemon [_thread_blocked, id=10180, stack(0x000000001a3c0000,0x000000001a4c0000)]
  0x0000000002e4c800 JavaThread "Finalizer" daemon [_thread_blocked, id=8736, stack(0x000000001a1c0000,0x000000001a2c0000)]
  0x0000000019ce0800 JavaThread "Reference Handler" daemon [_thread_blocked, id=1928, stack(0x000000001a0c0000,0x000000001a1c0000)]
  0x000000000139e000 JavaThread "main" [_thread_blocked, id=13012, stack(0x0000000002c50000,0x0000000002d50000)]

Other Threads:
  0x0000000017eb8800 VMThread [stack: 0x0000000019bc0000,0x0000000019cc0000] [id=5948]
  0x0000000019d09000 WatcherThread [stack: 0x000000001aac0000,0x000000001abc0000] [id=8980]

VM state:not at safepoint (normal execution)

VM Mutex/Monitor currently owned by a thread:  ([mutex/lock_event])
[0x000000000139cb30] CodeCache_lock - owner thread: 0x0000000019cfd000
[0x0000000002d504d0] Compile_lock - owner thread: 0x0000000019cfd000
[0x0000000002d51450] MethodCompileQueue_lock - owner thread: 0x0000000019cfd000

heap address: 0x0000000080000000, size: 2048 MB, Compressed Oops mode: 32-bit
Narrow klass base: 0x0000000000000000, Narrow klass shift: 3
Compressed class space size: 1073741824 Address: 0x0000000100000000

Heap:
 PSYoungGen      total 477184K, used 167167K [0x00000000d5580000, 0x00000000f4d80000, 0x0000000100000000)
  eden space 438272K, 36% used [0x00000000d5580000,0x00000000df213330,0x00000000f0180000)
  from space 38912K, 17% used [0x00000000f0180000,0x00000000f082ca60,0x00000000f2780000)
  to   space 36352K, 0% used [0x00000000f2a00000,0x00000000f2a00000,0x00000000f4d80000)
 ParOldGen       total 148480K, used 117880K [0x0000000080000000, 0x0000000089100000, 0x00000000d5580000)
  object space 148480K, 79% used [0x0000000080000000,0x000000008731e330,0x0000000089100000)
 Metaspace       used 109661K, capacity 117130K, committed 117248K, reserved 1150976K
  class space    used 14165K, capacity 15552K, committed 15616K, reserved 1048576K

Card table byte_map: [0x0000000012210000,0x0000000012620000] byte_map_base: 0x0000000011e10000

Marking Bits: (ParMarkBitMap*) 0x00000000762cf030
 Begin Bits: [0x00000000130d0000, 0x00000000150d0000)
 End Bits:   [0x00000000150d0000, 0x00000000170d0000)

Polling page: 0x0000000001360000

CodeCache: size=245760Kb used=70794Kb max_used=70794Kb free=174965Kb
 bounds [0x0000000002e50000, 0x0000000007470000, 0x0000000011e50000]
 total_blobs=21154 nmethods=20236 adapters=827
 compilation: enabled

Compilation events (10 events):
Event: 5955.445 Thread 0x0000000019cfd000 25254       1       com.android.tools.r8.code.z0::o (4 bytes)
Event: 5955.445 Thread 0x0000000019cfd000 nmethod 25254 0x0000000006304990 code [0x0000000006304ae0, 0x0000000006304bf0]
Event: 5955.447 Thread 0x0000000019cfd000 25255       2       com.android.tools.r8.ir.optimize.l::a (516 bytes)
Event: 5955.450 Thread 0x0000000019cfd000 nmethod 25255 0x0000000004f44550 code [0x0000000004f448e0, 0x0000000004f45ce8]
Event: 5955.451 Thread 0x0000000019cfd000 25256       2       com.android.tools.r8.s.b.o::c0 (105 bytes)
Event: 5955.451 Thread 0x0000000019cfd000 nmethod 25256 0x0000000004ad2010 code [0x0000000004ad21a0, 0x0000000004ad23c8]
Event: 5955.451 Thread 0x0000000019cfd000 25257       1       com.sun.jmx.mbeanserver.NamedObject::getName (5 bytes)
Event: 5955.451 Thread 0x0000000019cfd000 nmethod 25257 0x00000000066a6050 code [0x00000000066a61a0, 0x00000000066a62b0]
Event: 5955.461 Thread 0x0000000019cfd000 25258       2       com.android.build.gradle.internal.dependency.DexingNoClasspathTransform$Inject1::getParameters (31 bytes)
Event: 5955.462 Thread 0x0000000019cfd000 nmethod 25258 0x0000000004ad1a90 code [0x0000000004ad1c00, 0x0000000004ad1e78]

GC Heap History (10 events):
Event: 5952.138 GC heap before
{Heap before GC invocations=53 (full 4):
 PSYoungGen      total 353280K, used 312580K [0x00000000d5580000, 0x00000000edb80000, 0x0000000100000000)
  eden space 309248K, 100% used [0x00000000d5580000,0x00000000e8380000,0x00000000e8380000)
  from space 44032K, 7% used [0x00000000eb080000,0x00000000eb3c1140,0x00000000edb80000)
  to   space 45056K, 0% used [0x00000000e8380000,0x00000000e8380000,0x00000000eaf80000)
 ParOldGen       total 148480K, used 94276K [0x0000000080000000, 0x0000000089100000, 0x00000000d5580000)
  object space 148480K, 63% used [0x0000000080000000,0x0000000085c110a0,0x0000000089100000)
 Metaspace       used 109451K, capacity 116914K, committed 116992K, reserved 1150976K
  class space    used 14163K, capacity 15550K, committed 15616K, reserved 1048576K
Event: 5952.149 GC heap after
Heap after GC invocations=53 (full 4):
 PSYoungGen      total 354304K, used 7056K [0x00000000d5580000, 0x00000000f1300000, 0x0000000100000000)
  eden space 309248K, 0% used [0x00000000d5580000,0x00000000d5580000,0x00000000e8380000)
  from space 45056K, 15% used [0x00000000e8380000,0x00000000e8a640a8,0x00000000eaf80000)
  to   space 43520K, 0% used [0x00000000ee880000,0x00000000ee880000,0x00000000f1300000)
 ParOldGen       total 148480K, used 95587K [0x0000000080000000, 0x0000000089100000, 0x00000000d5580000)
  object space 148480K, 64% used [0x0000000080000000,0x0000000085d58e28,0x0000000089100000)
 Metaspace       used 109451K, capacity 116914K, committed 116992K, reserved 1150976K
  class space    used 14163K, capacity 15550K, committed 15616K, reserved 1048576K
}
Event: 5952.534 GC heap before
{Heap before GC invocations=54 (full 4):
 PSYoungGen      total 354304K, used 316304K [0x00000000d5580000, 0x00000000f1300000, 0x0000000100000000)
  eden space 309248K, 100% used [0x00000000d5580000,0x00000000e8380000,0x00000000e8380000)
  from space 45056K, 15% used [0x00000000e8380000,0x00000000e8a640a8,0x00000000eaf80000)
  to   space 43520K, 0% used [0x00000000ee880000,0x00000000ee880000,0x00000000f1300000)
 ParOldGen       total 148480K, used 95587K [0x0000000080000000, 0x0000000089100000, 0x00000000d5580000)
  object space 148480K, 64% used [0x0000000080000000,0x0000000085d58e28,0x0000000089100000)
 Metaspace       used 109494K, capacity 116986K, committed 117248K, reserved 1150976K
  class space    used 14163K, capacity 15550K, committed 15616K, reserved 1048576K
Event: 5952.548 GC heap after
Heap after GC invocations=54 (full 4):
 PSYoungGen      total 407552K, used 10457K [0x00000000d5580000, 0x00000000f0e80000, 0x0000000100000000)
  eden space 368640K, 0% used [0x00000000d5580000,0x00000000d5580000,0x00000000ebd80000)
  from space 38912K, 26% used [0x00000000ee880000,0x00000000ef2b6718,0x00000000f0e80000)
  to   space 41472K, 0% used [0x00000000ebd80000,0x00000000ebd80000,0x00000000ee600000)
 ParOldGen       total 148480K, used 101233K [0x0000000080000000, 0x0000000089100000, 0x00000000d5580000)
  object space 148480K, 68% used [0x0000000080000000,0x00000000862dc568,0x0000000089100000)
 Metaspace       used 109494K, capacity 116986K, committed 117248K, reserved 1150976K
  class space    used 14163K, capacity 15550K, committed 15616K, reserved 1048576K
}
Event: 5953.025 GC heap before
{Heap before GC invocations=55 (full 4):
 PSYoungGen      total 407552K, used 379097K [0x00000000d5580000, 0x00000000f0e80000, 0x0000000100000000)
  eden space 368640K, 100% used [0x00000000d5580000,0x00000000ebd80000,0x00000000ebd80000)
  from space 38912K, 26% used [0x00000000ee880000,0x00000000ef2b6718,0x00000000f0e80000)
  to   space 41472K, 0% used [0x00000000ebd80000,0x00000000ebd80000,0x00000000ee600000)
 ParOldGen       total 148480K, used 101233K [0x0000000080000000, 0x0000000089100000, 0x00000000d5580000)
  object space 148480K, 68% used [0x0000000080000000,0x00000000862dc568,0x0000000089100000)
 Metaspace       used 109511K, capacity 116986K, committed 117248K, reserved 1150976K
  class space    used 14163K, capacity 15550K, committed 15616K, reserved 1048576K
Event: 5953.040 GC heap after
Heap after GC invocations=55 (full 4):
 PSYoungGen      total 410112K, used 4480K [0x00000000d5580000, 0x00000000f5180000, 0x0000000100000000)
  eden space 368640K, 0% used [0x00000000d5580000,0x00000000d5580000,0x00000000ebd80000)
  from space 41472K, 10% used [0x00000000ebd80000,0x00000000ec1e0000,0x00000000ee600000)
  to   space 40448K, 0% used [0x00000000f2a00000,0x00000000f2a00000,0x00000000f5180000)
 ParOldGen       total 148480K, used 110579K [0x0000000080000000, 0x0000000089100000, 0x00000000d5580000)
  object space 148480K, 74% used [0x0000000080000000,0x0000000086bfcc50,0x0000000089100000)
 Metaspace       used 109511K, capacity 116986K, committed 117248K, reserved 1150976K
  class space    used 14163K, capacity 15550K, committed 15616K, reserved 1048576K
}
Event: 5953.680 GC heap before
{Heap before GC invocations=56 (full 4):
 PSYoungGen      total 410112K, used 373120K [0x00000000d5580000, 0x00000000f5180000, 0x0000000100000000)
  eden space 368640K, 100% used [0x00000000d5580000,0x00000000ebd80000,0x00000000ebd80000)
  from space 41472K, 10% used [0x00000000ebd80000,0x00000000ec1e0000,0x00000000ee600000)
  to   space 40448K, 0% used [0x00000000f2a00000,0x00000000f2a00000,0x00000000f5180000)
 ParOldGen       total 148480K, used 110579K [0x0000000080000000, 0x0000000089100000, 0x00000000d5580000)
  object space 148480K, 74% used [0x0000000080000000,0x0000000086bfcc50,0x0000000089100000)
 Metaspace       used 109524K, capacity 116992K, committed 117248K, reserved 1150976K
  class space    used 14165K, capacity 15551K, committed 15616K, reserved 1048576K
Event: 5953.691 GC heap after
Heap after GC invocations=56 (full 4):
 PSYoungGen      total 474624K, used 5216K [0x00000000d5580000, 0x00000000f4d80000, 0x0000000100000000)
  eden space 438272K, 0% used [0x00000000d5580000,0x00000000d5580000,0x00000000f0180000)
  from space 36352K, 14% used [0x00000000f2a00000,0x00000000f2f18000,0x00000000f4d80000)
  to   space 38912K, 0% used [0x00000000f0180000,0x00000000f0180000,0x00000000f2780000)
 ParOldGen       total 148480K, used 114487K [0x0000000080000000, 0x0000000089100000, 0x00000000d5580000)
  object space 148480K, 77% used [0x0000000080000000,0x0000000086fcdfb8,0x0000000089100000)
 Metaspace       used 109524K, capacity 116992K, committed 117248K, reserved 1150976K
  class space    used 14165K, capacity 15551K, committed 15616K, reserved 1048576K
}
Event: 5954.997 GC heap before
{Heap before GC invocations=57 (full 4):
 PSYoungGen      total 474624K, used 443488K [0x00000000d5580000, 0x00000000f4d80000, 0x0000000100000000)
  eden space 438272K, 100% used [0x00000000d5580000,0x00000000f0180000,0x00000000f0180000)
  from space 36352K, 14% used [0x00000000f2a00000,0x00000000f2f18000,0x00000000f4d80000)
  to   space 38912K, 0% used [0x00000000f0180000,0x00000000f0180000,0x00000000f2780000)
 ParOldGen       total 148480K, used 114487K [0x0000000080000000, 0x0000000089100000, 0x00000000d5580000)
  object space 148480K, 77% used [0x0000000080000000,0x0000000086fcdfb8,0x0000000089100000)
 Metaspace       used 109625K, capacity 117062K, committed 117248K, reserved 1150976K
  class space    used 14165K, capacity 15552K, committed 15616K, reserved 1048576K
Event: 5955.011 GC heap after
Heap after GC invocations=57 (full 4):
 PSYoungGen      total 477184K, used 6834K [0x00000000d5580000, 0x00000000f4d80000, 0x0000000100000000)
  eden space 438272K, 0% used [0x00000000d5580000,0x00000000d5580000,0x00000000f0180000)
  from space 38912K, 17% used [0x00000000f0180000,0x00000000f082ca60,0x00000000f2780000)
  to   space 36352K, 0% used [0x00000000f2a00000,0x00000000f2a00000,0x00000000f4d80000)
 ParOldGen       total 148480K, used 117880K [0x0000000080000000, 0x0000000089100000, 0x00000000d5580000)
  object space 148480K, 79% used [0x0000000080000000,0x000000008731e330,0x0000000089100000)
 Metaspace       used 109625K, capacity 117062K, committed 117248K, reserved 1150976K
  class space    used 14165K, capacity 15552K, committed 15616K, reserved 1048576K
}

Deoptimization events (10 events):
Event: 5951.860 Thread 0x000000001c85e000 Uncommon trap: reason=null_check action=make_not_entrant pc=0x00000000065a9f4c method=com.android.tools.r8.graph.i0.computeEquals(Ljava/lang/Object;)Z @ 1
Event: 5952.223 Thread 0x000000001c85e000 Uncommon trap: reason=unstable_if action=reinterpret pc=0x000000000661efd0 method=com.android.tools.r8.z.a.a.f.a(II[C)Ljava/lang/String; @ 59
Event: 5952.223 Thread 0x000000001c85e000 Uncommon trap: reason=unstable_if action=reinterpret pc=0x000000000661693c method=com.android.tools.r8.graph.i0.a(C)I @ 16
Event: 5952.223 Thread 0x000000001c85e000 Uncommon trap: reason=unstable_if action=reinterpret pc=0x0000000006600894 method=com.android.tools.r8.graph.i0.a(C[BI)I @ 27
Event: 5952.237 Thread 0x000000001c85e000 Uncommon trap: reason=unstable_if action=reinterpret pc=0x0000000006611590 method=com.android.tools.r8.z.a.a.f.a(II[C)Ljava/lang/String; @ 59
Event: 5952.321 Thread 0x000000001c85e000 Uncommon trap: reason=unstable_if action=reinterpret pc=0x0000000006edba54 method=com.android.tools.r8.graph.i0.a([C)I @ 44
Event: 5952.386 Thread 0x000000001c85e000 Uncommon trap: reason=predicate action=maybe_recompile pc=0x00000000072d94b0 method=com.android.tools.r8.ir.conversion.o.a(Lcom/android/tools/r8/ir/conversion/N;IIZ)V @ 183
Event: 5952.428 Thread 0x000000001c85e000 Uncommon trap: reason=class_check action=maybe_recompile pc=0x00000000071cd5d4 method=com.android.tools.r8.s.a.h.e.b(Lcom/android/tools/r8/s/b/k0;)V @ 142
Event: 5952.429 Thread 0x000000001c85e000 Uncommon trap: reason=class_check action=maybe_recompile pc=0x00000000071cd5d4 method=com.android.tools.r8.s.a.h.e.b(Lcom/android/tools/r8/s/b/k0;)V @ 142
Event: 5953.600 Thread 0x000000001c862800 Uncommon trap: reason=class_check action=maybe_recompile pc=0x000000000739e644 method=com.android.tools.r8.s.a.h.e.b(Lcom/android/tools/r8/s/b/k0;)V @ 244

Classes redefined (0 events):
No events

Internal exceptions (10 events):
Event: 5955.377 Thread 0x000000001ca6d000 Exception <a 'sun/nio/fs/WindowsException'> (0x00000000d5f30540) thrown at [C:\src\AOSP-openjdk-git\hotspot\src\share\vm\prims\jni.cpp, line 710]
Event: 5955.378 Thread 0x000000001c863000 Exception <a 'sun/nio/fs/WindowsException'> (0x00000000d5bdb200) thrown at [C:\src\AOSP-openjdk-git\hotspot\src\share\vm\prims\jni.cpp, line 710]
Event: 5955.384 Thread 0x000000001ca6f000 Exception <a 'sun/nio/fs/WindowsException'> (0x00000000d5e125a0) thrown at [C:\src\AOSP-openjdk-git\hotspot\src\share\vm\prims\jni.cpp, line 710]
Event: 5955.388 Thread 0x000000001ca6e800 Exception <a 'sun/nio/fs/WindowsException'> (0x00000000d5ea4ee8) thrown at [C:\src\AOSP-openjdk-git\hotspot\src\share\vm\prims\jni.cpp, line 710]
Event: 5955.398 Thread 0x000000001ca6d000 Exception <a 'sun/nio/fs/WindowsException'> (0x00000000d8124d88) thrown at [C:\src\AOSP-openjdk-git\hotspot\src\share\vm\prims\jni.cpp, line 710]
Event: 5955.401 Thread 0x000000001ca6f000 Exception <a 'sun/nio/fs/WindowsException'> (0x00000000d86f7c38) thrown at [C:\src\AOSP-openjdk-git\hotspot\src\share\vm\prims\jni.cpp, line 710]
Event: 5955.404 Thread 0x000000001ca6e800 Exception <a 'sun/nio/fs/WindowsException'> (0x00000000d8c59cd8) thrown at [C:\src\AOSP-openjdk-git\hotspot\src\share\vm\prims\jni.cpp, line 710]
Event: 5955.446 Thread 0x000000001ca6a800 Exception <a 'sun/nio/fs/WindowsException'> (0x00000000db2f7370) thrown at [C:\src\AOSP-openjdk-git\hotspot\src\share\vm\prims\jni.cpp, line 710]
Event: 5955.463 Thread 0x000000001c85e000 Exception <a 'sun/nio/fs/WindowsException'> (0x00000000d6ec2d68) thrown at [C:\src\AOSP-openjdk-git\hotspot\src\share\vm\prims\jni.cpp, line 710]
Event: 5955.463 Thread 0x000000001ca6c000 Exception <a 'sun/nio/fs/WindowsException'> (0x00000000d7274dd0) thrown at [C:\src\AOSP-openjdk-git\hotspot\src\share\vm\prims\jni.cpp, line 710]

Events (10 events):
Event: 5955.389 Thread 0x000000001ca6d000 DEOPT PACKING pc=0x000000000675e0d1 sp=0x00000000218c9fa0
Event: 5955.389 Thread 0x000000001ca6d000 DEOPT UNPACKING pc=0x0000000002e975d0 sp=0x00000000218c9f80 mode 0
Event: 5955.422 Thread 0x000000001ca6a800 DEOPT PACKING pc=0x000000000675e0d1 sp=0x0000000021ca9f90
Event: 5955.422 Thread 0x000000001ca6a800 DEOPT UNPACKING pc=0x0000000002e975d0 sp=0x0000000021ca9f70 mode 0
Event: 5955.423 Thread 0x000000001c863000 DEOPT PACKING pc=0x0000000006bf03f5 sp=0x000000002593a170
Event: 5955.423 Thread 0x000000001c863000 DEOPT UNPACKING pc=0x0000000002e975d0 sp=0x000000002593a2b8 mode 0
Event: 5955.438 Thread 0x000000001c862800 DEOPT PACKING pc=0x00000000069a4975 sp=0x000000002543a130
Event: 5955.438 Thread 0x000000001c862800 DEOPT UNPACKING pc=0x0000000002e975d0 sp=0x0000000025439e98 mode 0
Event: 5955.452 Thread 0x000000001c863000 DEOPT PACKING pc=0x000000000675e0d1 sp=0x000000002593a110
Event: 5955.452 Thread 0x000000001c863000 DEOPT UNPACKING pc=0x0000000002e975d0 sp=0x000000002593a0f0 mode 0


Dynamic libraries:
0x00007ff689ad0000 - 0x00007ff689b01000 	C:\Program Files\Android\Android Studio\jre\bin\java.exe
0x00007ffd18e30000 - 0x00007ffd19026000 	C:\WINDOWS\SYSTEM32\ntdll.dll
0x00007ffd18d30000 - 0x00007ffd18ded000 	C:\WINDOWS\System32\KERNEL32.DLL
0x00007ffd16580000 - 0x00007ffd16848000 	C:\WINDOWS\System32\KERNELBASE.dll
0x00007ffd17bc0000 - 0x00007ffd17c6a000 	C:\WINDOWS\System32\ADVAPI32.dll
0x00007ffd18920000 - 0x00007ffd189be000 	C:\WINDOWS\System32\msvcrt.dll
0x00007ffd18c90000 - 0x00007ffd18d2b000 	C:\WINDOWS\System32\sechost.dll
0x00007ffd187f0000 - 0x00007ffd18914000 	C:\WINDOWS\System32\RPCRT4.dll
0x00007ffd17120000 - 0x00007ffd172c0000 	C:\WINDOWS\System32\USER32.dll
0x00007ffd169b0000 - 0x00007ffd169d2000 	C:\WINDOWS\System32\win32u.dll
0x00007ffd17b90000 - 0x00007ffd17bba000 	C:\WINDOWS\System32\GDI32.dll
0x00007ffd16c90000 - 0x00007ffd16d99000 	C:\WINDOWS\System32\gdi32full.dll
0x00007ffd16bf0000 - 0x00007ffd16c8d000 	C:\WINDOWS\System32\msvcp_win.dll
0x00007ffd16da0000 - 0x00007ffd16ea0000 	C:\WINDOWS\System32\ucrtbase.dll
0x00007ffcfb350000 - 0x00007ffcfb5eb000 	C:\WINDOWS\WinSxS\amd64_microsoft.windows.common-controls_6595b64144ccf1df_6.0.19041.488_none_ca04af081b815d21\COMCTL32.dll
0x00007ffd18b00000 - 0x00007ffd18b30000 	C:\WINDOWS\System32\IMM32.DLL
0x0000000050430000 - 0x0000000050502000 	C:\Program Files\Android\Android Studio\jre\jre\bin\msvcr100.dll
0x0000000075b00000 - 0x000000007634b000 	C:\Program Files\Android\Android Studio\jre\jre\bin\server\jvm.dll
0x00007ffd18af0000 - 0x00007ffd18af8000 	C:\WINDOWS\System32\PSAPI.DLL
0x00007ffd0f8f0000 - 0x00007ffd0f8f9000 	C:\WINDOWS\SYSTEM32\WSOCK32.dll
0x00007ffd0b820000 - 0x00007ffd0b847000 	C:\WINDOWS\SYSTEM32\WINMM.dll
0x00007ffd0fb70000 - 0x00007ffd0fb7a000 	C:\WINDOWS\SYSTEM32\VERSION.dll
0x00007ffd17380000 - 0x00007ffd173eb000 	C:\WINDOWS\System32\WS2_32.dll
0x00007ffd103b0000 - 0x00007ffd103bf000 	C:\Program Files\Android\Android Studio\jre\jre\bin\verify.dll
0x00007ffd10380000 - 0x00007ffd103a9000 	C:\Program Files\Android\Android Studio\jre\jre\bin\java.dll
0x00007ffd0c1c0000 - 0x00007ffd0c1d6000 	C:\Program Files\Android\Android Studio\jre\jre\bin\zip.dll
0x00007ffd173f0000 - 0x00007ffd17b30000 	C:\WINDOWS\System32\SHELL32.dll
0x00007ffd14590000 - 0x00007ffd14d24000 	C:\WINDOWS\SYSTEM32\windows.storage.dll
0x00007ffd18020000 - 0x00007ffd18375000 	C:\WINDOWS\System32\combase.dll
0x00007ffd15f80000 - 0x00007ffd15fac000 	C:\WINDOWS\SYSTEM32\Wldp.dll
0x00007ffd172c0000 - 0x00007ffd1736e000 	C:\WINDOWS\System32\SHCORE.dll
0x00007ffd17040000 - 0x00007ffd17095000 	C:\WINDOWS\System32\shlwapi.dll
0x00007ffd164b0000 - 0x00007ffd164d6000 	C:\WINDOWS\SYSTEM32\profapi.dll
0x00007ffd09830000 - 0x00007ffd0984a000 	C:\Program Files\Android\Android Studio\jre\jre\bin\net.dll
0x00007ffd15ca0000 - 0x00007ffd15d0a000 	C:\WINDOWS\system32\mswsock.dll
0x00007ffd09810000 - 0x00007ffd09823000 	C:\Program Files\Android\Android Studio\jre\jre\bin\nio.dll
0x00007ffd05a90000 - 0x00007ffd05ab7000 	C:\Users\asus\.gradle\native\f6784746aeab05261644944871eae4fe03e0ef1612fff0a4a95f87b438bc6780\windows-amd64\native-platform.dll
0x00007ffd0fbf0000 - 0x00007ffd0fbfd000 	C:\Program Files\Android\Android Studio\jre\jre\bin\management.dll
0x00007ffd15ee0000 - 0x00007ffd15ef8000 	C:\WINDOWS\SYSTEM32\CRYPTSP.dll
0x00007ffd15630000 - 0x00007ffd15664000 	C:\WINDOWS\system32\rsaenh.dll
0x00007ffd16a90000 - 0x00007ffd16ab7000 	C:\WINDOWS\System32\bcrypt.dll
0x00007ffd16430000 - 0x00007ffd1645e000 	C:\WINDOWS\SYSTEM32\USERENV.dll
0x00007ffd16b20000 - 0x00007ffd16b9f000 	C:\WINDOWS\System32\bcryptprimitives.dll
0x00007ffd15e70000 - 0x00007ffd15e7c000 	C:\WINDOWS\SYSTEM32\CRYPTBASE.dll
0x00007ffd15990000 - 0x00007ffd159cb000 	C:\WINDOWS\SYSTEM32\IPHLPAPI.DLL
0x00007ffd17030000 - 0x00007ffd17039000 	C:\WINDOWS\System32\NSI.dll
0x00007ffd0eb50000 - 0x00007ffd0eb67000 	C:\WINDOWS\SYSTEM32\dhcpcsvc6.DLL
0x00007ffd10fd0000 - 0x00007ffd10fed000 	C:\WINDOWS\SYSTEM32\dhcpcsvc.DLL
0x00007ffd159d0000 - 0x00007ffd15a9b000 	C:\WINDOWS\SYSTEM32\DNSAPI.dll
0x00007ffd114e0000 - 0x00007ffd114eb000 	C:\WINDOWS\SYSTEM32\WINNSI.DLL
0x00007ffd05b30000 - 0x00007ffd05b54000 	C:\Program Files\Android\Android Studio\jre\jre\bin\sunec.dll
0x00007ffd10800000 - 0x00007ffd1080a000 	C:\Windows\System32\rasadhlp.dll
0x00007ffd10140000 - 0x00007ffd101bf000 	C:\WINDOWS\System32\fwpuclnt.dll
0x00007ffd0ea30000 - 0x00007ffd0ea3b000 	C:\Program Files\Android\Android Studio\jre\jre\bin\sunmscapi.dll
0x00007ffd16850000 - 0x00007ffd169ad000 	C:\WINDOWS\System32\CRYPT32.dll
0x00007ffd152a0000 - 0x00007ffd152d3000 	C:\WINDOWS\SYSTEM32\ntmarta.dll
0x00007ffd132f0000 - 0x00007ffd13380000 	C:\WINDOWS\system32\apphelp.dll

VM Arguments:
jvm_args: -Xmx2048m -Dfile.encoding=UTF-8 -Duser.country=US -Duser.language=en -Duser.variant 
java_command: org.gradle.launcher.daemon.bootstrap.GradleDaemon 6.5
java_class_path (initial): C:\Users\asus\.gradle\wrapper\dists\gradle-6.5-bin\6nifqtx7604sqp1q6g8wikw7p\gradle-6.5\lib\gradle-launcher-6.5.jar
Launcher Type: SUN_STANDARD

Environment Variables:
PATH=C:\Program Files\Python36\Scripts\;C:\Program Files\Python36\;C:\Program Files (x86)\Common Files\Oracle\Java\javapath;C:\Program Files (x86)\Common Files\Intel\Shared Files\cpp\bin\Intel64;C:\Program Files (x86)\Intel\iCLS Client\;C:\Program Files\Intel\iCLS Client\;C:\Windows\system32;C:\Windows;C:\Windows\System32\Wbem;C:\Windows\System32\WindowsPowerShell\v1.0\;C:\Program Files (x86)\Intel\Intel(R) Management Engine Components\DAL;C:\Program Files\Intel\Intel(R) Management Engine Components\DAL;C:\Program Files (x86)\Intel\Intel(R) Management Engine Components\IPT;C:\Program Files\Intel\Intel(R) Management Engine Components\IPT;C:\WINDOWS\system32;C:\WINDOWS;C:\WINDOWS\System32\Wbem;C:\WINDOWS\System32\WindowsPowerShell\v1.0\;C:\WINDOWS\System32\OpenSSH\;C:\cygwin64\bin\;C:\Users\asus\.dnx\bin;C:\Program Files\Microsoft DNX\Dnvm\;C:\Program Files\Microsoft SQL Server\120\Tools\Binn\;C:\Program Files\NVIDIA Corporation\NVIDIA NvDLISR;C:\Program Files (x86)\NVIDIA Corporation\PhysX\Common;C:\xampp\php;C:\ProgramData\ComposerSetup\bin;C:\WINDOWS\system32;C:\WINDOWS;C:\WINDOWS\System32\Wbem;C:\WINDOWS\System32\WindowsPowerShell\v1.0\;C:\WINDOWS\System32\OpenSSH\;C:\Program Files\Git\cmd;C:\Program Files\PuTTY\;C:\Users\asus\AppData\Roaming\Python\Python38\Scripts;C:\Users\asus\AppData\Local\Programs\Python\Python38-32\Scripts\;C:\Users\asus\AppData\Local\Programs\Python\Python38-32\;C:\Users\asus\AppData\Local\Microsoft\WindowsApps;C:\Users\asus\AppData\Local\Programs\Microsoft VS Code\bin;C:\Users\asus\AppData\Roaming\Composer\vendor\bin;
USERNAME=asus
OS=Windows_NT
PROCESSOR_IDENTIFIER=Intel64 Family 6 Model 142 Stepping 10, GenuineIntel



---------------  S Y S T E M  ---------------

OS: Windows 10.0 , 64 bit Build 19041 (10.0.19041.546)

CPU:total 8 (initial active 8) (4 cores per cpu, 2 threads per core) family 6 model 142 stepping 10, cmov, cx8, fxsr, mmx, sse, sse2, sse3, ssse3, sse4.1, sse4.2, popcnt, avx, avx2, aes, clmul, erms, 3dnowpref, lzcnt, ht, tsc, tscinvbit, bmi1, bmi2, adx

Memory: 4k page, physical 8272440k(470932k free), swap 16661048k(3284k free)

vm_info: OpenJDK 64-Bit Server VM (25.242-b01) for windows-amd64 JRE (1.8.0_242-release-1644-b01), built by "builder" with MS VC++ 10.0 (VS2010)

time: Fri Oct 30 22:40:11 2020
timezone: Malay Peninsula Standard Time
elapsed time: 5956 seconds (0d 1h 39m 16s)

